[0.151s] Invoking command in '/home/yutou/ros2_ws/build/base_cpp': CMAKE_PREFIX_PATH=/home/yutou/ros2_ws/install/base:/opt/ros/humble /usr/bin/cmake /home/yutou/ros2_ws/src/base_cpp -DCMAKE_INSTALL_PREFIX=/home/yutou/ros2_ws/install/base_cpp
[0.261s] -- The C compiler identification is GNU 11.4.0
[0.354s] -- The CXX compiler identification is GNU 11.4.0
[0.363s] -- Detecting C compiler ABI info
[0.431s] -- Detecting C compiler ABI info - done
[0.436s] -- Check for working C compiler: /usr/bin/cc - skipped
[0.436s] -- Detecting C compile features
[0.437s] -- Detecting C compile features - done
[0.440s] -- Detecting CXX compiler ABI info
[0.503s] -- Detecting CXX compiler ABI info - done
[0.508s] -- Check for working CXX compiler: /usr/bin/c++ - skipped
[0.509s] -- Detecting CXX compile features
[0.509s] -- Detecting CXX compile features - done
[0.514s] -- Found ament_cmake: 1.3.12 (/opt/ros/humble/share/ament_cmake/cmake)
[0.634s] -- Found Python3: /usr/bin/python3 (found version "3.10.12") found components: Interpreter 
[0.743s] -- Found rclcpp: 16.0.14 (/opt/ros/humble/share/rclcpp/cmake)
[0.816s] -- Found rosidl_generator_c: 3.1.7 (/opt/ros/humble/share/rosidl_generator_c/cmake)
[0.823s] -- Found rosidl_adapter: 3.1.7 (/opt/ros/humble/share/rosidl_adapter/cmake)
[0.837s] -- Found rosidl_generator_cpp: 3.1.7 (/opt/ros/humble/share/rosidl_generator_cpp/cmake)
[0.850s] -- Using all available rosidl_typesupport_c: rosidl_typesupport_fastrtps_c;rosidl_typesupport_introspection_c
[0.866s] -- Using all available rosidl_typesupport_cpp: rosidl_typesupport_fastrtps_cpp;rosidl_typesupport_introspection_cpp
[0.924s] -- Found rmw_implementation_cmake: 6.1.2 (/opt/ros/humble/share/rmw_implementation_cmake/cmake)
[0.930s] -- Found rmw_fastrtps_cpp: 6.2.8 (/opt/ros/humble/share/rmw_fastrtps_cpp/cmake)
[1.026s] -- Found OpenSSL: /usr/lib/x86_64-linux-gnu/libcrypto.so (found version "3.0.2")  
[1.050s] -- Found FastRTPS: /opt/ros/humble/include  
[1.088s] -- Using RMW implementation 'rmw_fastrtps_cpp' as default
[1.100s] -- Looking for pthread.h
[1.190s] -- Looking for pthread.h - found
[1.190s] -- Performing Test CMAKE_HAVE_LIBC_PTHREAD
[1.283s] -- Performing Test CMAKE_HAVE_LIBC_PTHREAD - Success
[1.285s] -- Found Threads: TRUE  
[1.340s] -- Found ament_lint_auto: 0.12.14 (/opt/ros/humble/share/ament_lint_auto/cmake)
[1.399s] -- Added test 'cppcheck' to perform static code analysis on C / C++ code
[1.399s] -- Configured cppcheck include dirs: 
[1.399s] -- Configured cppcheck exclude dirs and/or files: 
[1.400s] -- Added test 'lint_cmake' to check CMake code style
[1.401s] -- Added test 'uncrustify' to check C / C++ code style
[1.401s] -- Configured uncrustify additional arguments: 
[1.401s] -- Added test 'xmllint' to check XML markup files
[1.403s] -- Configuring done
[1.410s] -- Generating done
[1.412s] -- Build files have been written to: /home/yutou/ros2_ws/build/base_cpp
[1.419s] Invoked command in '/home/yutou/ros2_ws/build/base_cpp' returned '0': CMAKE_PREFIX_PATH=/home/yutou/ros2_ws/install/base:/opt/ros/humble /usr/bin/cmake /home/yutou/ros2_ws/src/base_cpp -DCMAKE_INSTALL_PREFIX=/home/yutou/ros2_ws/install/base_cpp
[1.420s] Invoking command in '/home/yutou/ros2_ws/build/base_cpp': CMAKE_PREFIX_PATH=/home/yutou/ros2_ws/install/base:/opt/ros/humble /usr/bin/cmake --build /home/yutou/ros2_ws/build/base_cpp -- -j20 -l20
[1.474s] [ 50%] [32mBuilding CXX object CMakeFiles/talker.dir/src/publisher.cpp.o[0m
[3.062s] [01m[K/home/yutou/ros2_ws/src/base_cpp/src/publisher.cpp:21:23:[m[K [01;31m[Kerror: [m[Kexpected class-name before â€˜[01m[K([m[Kâ€™ token
[3.062s]    21 |     ~KeyboardPublisher[01;31m[K([m[K) {
[3.062s]       |                       [01;31m[K^[m[K
[3.064s] [01m[K/home/yutou/ros2_ws/src/base_cpp/src/publisher.cpp:[m[K In constructor â€˜[01m[KCppPublisher::CppPublisher()[m[Kâ€™:
[3.064s] [01m[K/home/yutou/ros2_ws/src/base_cpp/src/publisher.cpp:8:28:[m[K [01;31m[Kerror: [m[Kclass â€˜[01m[KCppPublisher[m[Kâ€™ does not have any field named â€˜[01m[Kcount_[m[Kâ€™
[3.064s]     8 |   : Node("cpp_publisher"), [01;31m[Kcount_[m[K(0)
[3.064s]       |                            [01;31m[K^~~~~~[m[K
[3.066s] In file included from [01m[K/usr/include/c++/11/pstl/glue_algorithm_defs.h:13[m[K,
[3.066s]                  from [01m[K/usr/include/c++/11/algorithm:74[m[K,
[3.066s]                  from [01m[K/opt/ros/humble/include/rclcpp/rclcpp/executor.hpp:18[m[K,
[3.066s]                  from [01m[K/opt/ros/humble/include/rclcpp/rclcpp/executors/multi_threaded_executor.hpp:25[m[K,
[3.066s]                  from [01m[K/opt/ros/humble/include/rclcpp/rclcpp/executors.hpp:21[m[K,
[3.066s]                  from [01m[K/opt/ros/humble/include/rclcpp/rclcpp/rclcpp.hpp:155[m[K,
[3.066s]                  from [01m[K/home/yutou/ros2_ws/src/base_cpp/src/publisher.cpp:1[m[K:
[3.067s] /usr/include/c++/11/functional: In instantiation of â€˜[01m[Kstruct std::_Bind_check_arity<void (CppPublisher::*)(), CppPublisher*, std::nullptr_t>[m[Kâ€™:
[3.067s] [01m[K/usr/include/c++/11/functional:768:12:[m[K   required from â€˜[01m[Kstruct std::_Bind_helper<false, void (CppPublisher::*)(), CppPublisher*, std::nullptr_t>[m[Kâ€™
[3.067s] [01m[K/usr/include/c++/11/functional:789:5:[m[K   required by substitution of â€˜[01m[Ktemplate<class _Func, class ... _BoundArgs> typename std::_Bind_helper<std::__is_socketlike<_Func>::value, _Func, _BoundArgs ...>::type std::bind(_Func&&, _BoundArgs&& ...) [with _Func = void (CppPublisher::*)(); _BoundArgs = {CppPublisher*, std::nullptr_t}][m[Kâ€™
[3.067s] [01m[K/home/yutou/ros2_ws/src/base_cpp/src/publisher.cpp:19:16:[m[K   required from here
[3.067s] [01m[K/usr/include/c++/11/functional:756:21:[m[K [01;31m[Kerror: [m[Kstatic assertion failed: Wrong number of arguments for pointer-to-member
[3.067s]   755 |       static_assert(_Varargs::[01;31m[Kvalue[m[K
[3.067s]       |                               [01;31m[K~~~~~[m[K
[3.067s]   756 | [01;31m[K                    ? sizeof...(_BoundArgs) >= _Arity::value + 1[m[K
[3.067s]       |                     [01;31m[K^~~~~~~~~~~~~~~~~~~~~~~~~~~~~~~~~~~~~~~~~~~~[m[K
[3.067s]   757 | [01;31m[K                    : sizeof...(_BoundArgs) == _Arity::value + 1[m[K,
[3.067s]       |                     [01;31m[K~~~~~~~~~~~~~~~~~~~~~~~~~~~~~~~~~~~~~~~~~~~~[m[K
[3.067s] [01m[K/usr/include/c++/11/functional:756:21:[m[K [01;36m[Knote: [m[Kâ€˜[01m[K(false ? (2 >= (((long unsigned int)std::integral_constant<long unsigned int, 0>::value) + 1)) : (2 == (((long unsigned int)std::integral_constant<long unsigned int, 0>::value) + 1)))[m[Kâ€™ evaluates to false
[3.073s] [01m[K/home/yutou/ros2_ws/src/base_cpp/src/publisher.cpp:[m[K In function â€˜[01m[Kint main(int, char**)[m[Kâ€™:
[3.073s] [01m[K/home/yutou/ros2_ws/src/base_cpp/src/publisher.cpp:51:3:[m[K [01;31m[Kerror: [m[Kâ€˜[01m[Krclpy[m[Kâ€™ has not been declared
[3.073s]    51 |   [01;31m[Krclpy[m[K::init(argc, argv);
[3.073s]       |   [01;31m[K^~~~~[m[K
[3.077s] [01m[K/home/yutou/ros2_ws/src/base_cpp/src/publisher.cpp:52:33:[m[K [01;31m[Kerror: [m[Kâ€˜[01m[KKeyboardPublisher[m[Kâ€™ was not declared in this scope
[3.077s]    52 |   rclcpp::spin(std::make_shared<[01;31m[KKeyboardPublisher[m[K>());
[3.077s]       |                                 [01;31m[K^~~~~~~~~~~~~~~~~[m[K
[3.077s] [01m[K/home/yutou/ros2_ws/src/base_cpp/src/publisher.cpp:52:51:[m[K [01;31m[Kerror: [m[Kno matching function for call to â€˜[01m[Kmake_shared<<expression error> >()[m[Kâ€™
[3.077s]    52 |   rclcpp::spin([01;31m[Kstd::make_shared<KeyboardPublisher>()[m[K);
[3.077s]       |                [01;31m[K~~~~~~~~~~~~~~~~~~~~~~~~~~~~~~~~~~~^~[m[K
[3.077s] In file included from [01m[K/usr/include/c++/11/memory:77[m[K,
[3.077s]                  from [01m[K/opt/ros/humble/include/rclcpp/rclcpp/rclcpp.hpp:153[m[K,
[3.077s]                  from [01m[K/home/yutou/ros2_ws/src/base_cpp/src/publisher.cpp:1[m[K:
[3.077s] [01m[K/usr/include/c++/11/bits/shared_ptr.h:875:5:[m[K [01;36m[Knote: [m[Kcandidate: â€˜[01m[Ktemplate<class _Tp, class ... _Args> std::shared_ptr<_Tp> std::make_shared(_Args&& ...)[m[Kâ€™
[3.077s]   875 |     [01;36m[Kmake_shared[m[K(_Args&&... __args)
[3.078s]       |     [01;36m[K^~~~~~~~~~~[m[K
[3.078s] [01m[K/usr/include/c++/11/bits/shared_ptr.h:875:5:[m[K [01;36m[Knote: [m[K  template argument deduction/substitution failed:
[3.078s] [01m[K/home/yutou/ros2_ws/src/base_cpp/src/publisher.cpp:52:51:[m[K [01;31m[Kerror: [m[Ktemplate argument 1 is invalid
[3.078s]    52 |   rclcpp::spin([01;31m[Kstd::make_shared<KeyboardPublisher>()[m[K);
[3.078s]       |                [01;31m[K~~~~~~~~~~~~~~~~~~~~~~~~~~~~~~~~~~~^~[m[K
[3.476s] In file included from [01m[K/opt/ros/humble/include/rclcpp/rclcpp/callback_group.hpp:30[m[K,
[3.476s]                  from [01m[K/opt/ros/humble/include/rclcpp/rclcpp/any_executable.hpp:20[m[K,
[3.476s]                  from [01m[K/opt/ros/humble/include/rclcpp/rclcpp/memory_strategy.hpp:25[m[K,
[3.476s]                  from [01m[K/opt/ros/humble/include/rclcpp/rclcpp/memory_strategies.hpp:18[m[K,
[3.476s]                  from [01m[K/opt/ros/humble/include/rclcpp/rclcpp/executor_options.hpp:20[m[K,
[3.476s]                  from [01m[K/opt/ros/humble/include/rclcpp/rclcpp/executor.hpp:37[m[K,
[3.476s]                  from [01m[K/opt/ros/humble/include/rclcpp/rclcpp/executors/multi_threaded_executor.hpp:25[m[K,
[3.476s]                  from [01m[K/opt/ros/humble/include/rclcpp/rclcpp/executors.hpp:21[m[K,
[3.476s]                  from [01m[K/opt/ros/humble/include/rclcpp/rclcpp/rclcpp.hpp:155[m[K,
[3.476s]                  from [01m[K/home/yutou/ros2_ws/src/base_cpp/src/publisher.cpp:1[m[K:
[3.477s] /opt/ros/humble/include/rclcpp/rclcpp/timer.hpp: In instantiation of â€˜[01m[Kvoid rclcpp::GenericTimer<FunctorT, <anonymous> >::execute_callback_delegate() [with CallbackT = std::_Bind<void (CppPublisher::*(CppPublisher*, std::nullptr_t))()>; typename std::enable_if<rclcpp::function_traits::same_arguments<CallbackT, std::function<void()> >::value>::type* <anonymous> = 0; FunctorT = std::_Bind<void (CppPublisher::*(CppPublisher*, std::nullptr_t))()>; typename std::enable_if<(rclcpp::function_traits::same_arguments<FunctorT, std::function<void()> >::value || rclcpp::function_traits::same_arguments<FunctorT, std::function<void(rclcpp::TimerBase&)> >::value)>::type* <anonymous> = 0][m[Kâ€™:
[3.477s] [01m[K/opt/ros/humble/include/rclcpp/rclcpp/timer.hpp:230:32:[m[K   required from â€˜[01m[Kvoid rclcpp::GenericTimer<FunctorT, <anonymous> >::execute_callback() [with FunctorT = std::_Bind<void (CppPublisher::*(CppPublisher*, std::nullptr_t))()>; typename std::enable_if<(rclcpp::function_traits::same_arguments<FunctorT, std::function<void()> >::value || rclcpp::function_traits::same_arguments<FunctorT, std::function<void(rclcpp::TimerBase&)> >::value)>::type* <anonymous> = 0][m[Kâ€™
[3.477s] [01m[K/opt/ros/humble/include/rclcpp/rclcpp/timer.hpp:227:3:[m[K   required from here
[3.477s] [01m[K/opt/ros/humble/include/rclcpp/rclcpp/timer.hpp:244:14:[m[K [01;31m[Kerror: [m[Kno match for call to â€˜[01m[K(std::_Bind<void (CppPublisher::*(CppPublisher*, std::nullptr_t))()>) ()[m[Kâ€™
[3.477s]   244 |     [01;31m[Kcallback_()[m[K;
[3.477s]       |     [01;31m[K~~~~~~~~~^~[m[K
[3.477s] In file included from [01m[K/usr/include/c++/11/pstl/glue_algorithm_defs.h:13[m[K,
[3.477s]                  from [01m[K/usr/include/c++/11/algorithm:74[m[K,
[3.477s]                  from [01m[K/opt/ros/humble/include/rclcpp/rclcpp/executor.hpp:18[m[K,
[3.477s]                  from [01m[K/opt/ros/humble/include/rclcpp/rclcpp/executors/multi_threaded_executor.hpp:25[m[K,
[3.477s]                  from [01m[K/opt/ros/humble/include/rclcpp/rclcpp/executors.hpp:21[m[K,
[3.477s]                  from [01m[K/opt/ros/humble/include/rclcpp/rclcpp/rclcpp.hpp:155[m[K,
[3.477s]                  from [01m[K/home/yutou/ros2_ws/src/base_cpp/src/publisher.cpp:1[m[K:
[3.477s] [01m[K/usr/include/c++/11/functional:501:9:[m[K [01;36m[Knote: [m[Kcandidate: â€˜[01m[Ktemplate<class ... _Args, class _Result> _Result std::_Bind<_Functor(_Bound_args ...)>::operator()(_Args&& ...) [with _Args = {_Args ...}; _Result = _Result; _Functor = void (CppPublisher::*)(); _Bound_args = {CppPublisher*, std::nullptr_t}][m[Kâ€™
[3.477s]   501 |         [01;36m[Koperator[m[K()(_Args&&... __args)
[3.477s]       |         [01;36m[K^~~~~~~~[m[K
[3.477s] [01m[K/usr/include/c++/11/functional:501:9:[m[K [01;36m[Knote: [m[K  template argument deduction/substitution failed:
[3.477s] /usr/include/c++/11/functional: In substitution of â€˜[01m[Ktemplate<class _Functor, class ... _Bound_args> template<class _Fn, class _CallArgs, class ... _BArgs> using _Res_type_impl = typename std::result_of<_Fn&(decltype (std::_Mu<typename std::remove_cv<_BArgs>::type, std::is_bind_expression<typename std::remove_cv<_BArgs>::type>::value, (std::is_placeholder<typename std::remove_cv<_BArgs>::type>::value > 0)>()(declval<_BArgs&>(), declval<_CallArgs&>()))&& ...)>::type [with _Fn = void (CppPublisher::*)(); _CallArgs = std::tuple<>; _BArgs = {CppPublisher*, std::nullptr_t}; _Functor = void (CppPublisher::*)(); _Bound_args = {CppPublisher*, std::nullptr_t}][m[Kâ€™:
[3.477s] [01m[K/usr/include/c++/11/functional:468:8:[m[K   required by substitution of â€˜[01m[Ktemplate<class _Functor, class ... _Bound_args> template<class _CallArgs> using _Res_type = std::_Bind<_Functor(_Bound_args ...)>::_Res_type_impl<_Functor, _CallArgs, _Bound_args ...> [with _CallArgs = std::tuple<>; _Functor = void (CppPublisher::*)(); _Bound_args = {CppPublisher*, std::nullptr_t}][m[Kâ€™
[3.477s] [01m[K/usr/include/c++/11/functional:498:9:[m[K   required from â€˜[01m[Kvoid rclcpp::GenericTimer<FunctorT, <anonymous> >::execute_callback_delegate() [with CallbackT = std::_Bind<void (CppPublisher::*(CppPublisher*, std::nullptr_t))()>; typename std::enable_if<rclcpp::function_traits::same_arguments<CallbackT, std::function<void()> >::value>::type* <anonymous> = 0; FunctorT = std::_Bind<void (CppPublisher::*(CppPublisher*, std::nullptr_t))()>; typename std::enable_if<(rclcpp::function_traits::same_arguments<FunctorT, std::function<void()> >::value || rclcpp::function_traits::same_arguments<FunctorT, std::function<void(rclcpp::TimerBase&)> >::value)>::type* <anonymous> = 0][m[Kâ€™
[3.477s] [01m[K/opt/ros/humble/include/rclcpp/rclcpp/timer.hpp:230:32:[m[K   required from â€˜[01m[Kvoid rclcpp::GenericTimer<FunctorT, <anonymous> >::execute_callback() [with FunctorT = std::_Bind<void (CppPublisher::*(CppPublisher*, std::nullptr_t))()>; typename std::enable_if<(rclcpp::function_traits::same_arguments<FunctorT, std::function<void()> >::value || rclcpp::function_traits::same_arguments<FunctorT, std::function<void(rclcpp::TimerBase&)> >::value)>::type* <anonymous> = 0][m[Kâ€™
[3.477s] [01m[K/opt/ros/humble/include/rclcpp/rclcpp/timer.hpp:227:3:[m[K   required from here
[3.477s] [01m[K/usr/include/c++/11/functional:464:15:[m[K [01;31m[Kerror: [m[Kno type named â€˜[01m[Ktype[m[Kâ€™ in â€˜[01m[Kstruct std::result_of<void (CppPublisher::*&(CppPublisher*&, std::nullptr_t&))()>[m[Kâ€™
[3.477s]   464 |         using [01;31m[K_Res_type_impl[m[K
[3.477s]       |               [01;31m[K^~~~~~~~~~~~~~[m[K
[3.477s] /opt/ros/humble/include/rclcpp/rclcpp/timer.hpp: In instantiation of â€˜[01m[Kvoid rclcpp::GenericTimer<FunctorT, <anonymous> >::execute_callback_delegate() [with CallbackT = std::_Bind<void (CppPublisher::*(CppPublisher*, std::nullptr_t))()>; typename std::enable_if<rclcpp::function_traits::same_arguments<CallbackT, std::function<void()> >::value>::type* <anonymous> = 0; FunctorT = std::_Bind<void (CppPublisher::*(CppPublisher*, std::nullptr_t))()>; typename std::enable_if<(rclcpp::function_traits::same_arguments<FunctorT, std::function<void()> >::value || rclcpp::function_traits::same_arguments<FunctorT, std::function<void(rclcpp::TimerBase&)> >::value)>::type* <anonymous> = 0][m[Kâ€™:
[3.477s] [01m[K/opt/ros/humble/include/rclcpp/rclcpp/timer.hpp:230:32:[m[K   required from â€˜[01m[Kvoid rclcpp::GenericTimer<FunctorT, <anonymous> >::execute_callback() [with FunctorT = std::_Bind<void (CppPublisher::*(CppPublisher*, std::nullptr_t))()>; typename std::enable_if<(rclcpp::function_traits::same_arguments<FunctorT, std::function<void()> >::value || rclcpp::function_traits::same_arguments<FunctorT, std::function<void(rclcpp::TimerBase&)> >::value)>::type* <anonymous> = 0][m[Kâ€™
[3.477s] [01m[K/opt/ros/humble/include/rclcpp/rclcpp/timer.hpp:227:3:[m[K   required from here
[3.477s] [01m[K/usr/include/c++/11/functional:513:9:[m[K [01;36m[Knote: [m[Kcandidate: â€˜[01m[Ktemplate<class ... _Args, class _Result> _Result std::_Bind<_Functor(_Bound_args ...)>::operator()(_Args&& ...) const [with _Args = {_Args ...}; _Result = _Result; _Functor = void (CppPublisher::*)(); _Bound_args = {CppPublisher*, std::nullptr_t}][m[Kâ€™
[3.477s]   513 |         [01;36m[Koperator[m[K()(_Args&&... __args) const
[3.477s]       |         [01;36m[K^~~~~~~~[m[K
[3.477s] [01m[K/usr/include/c++/11/functional:513:9:[m[K [01;36m[Knote: [m[K  template argument deduction/substitution failed:
[3.477s] /usr/include/c++/11/functional: In substitution of â€˜[01m[Ktemplate<class _Functor, class ... _Bound_args> template<class _Fn, class _CallArgs, class ... _BArgs> using _Res_type_impl = typename std::result_of<_Fn&(decltype (std::_Mu<typename std::remove_cv<_BArgs>::type, std::is_bind_expression<typename std::remove_cv<_BArgs>::type>::value, (std::is_placeholder<typename std::remove_cv<_BArgs>::type>::value > 0)>()(declval<_BArgs&>(), declval<_CallArgs&>()))&& ...)>::type [with _Fn = void (CppPublisher::* const)(); _CallArgs = std::tuple<>; _BArgs = {CppPublisher* const, std::nullptr_t}; _Functor = void (CppPublisher::*)(); _Bound_args = {CppPublisher*, std::nullptr_t}][m[Kâ€™:
[3.477s] [01m[K/usr/include/c++/11/functional:475:8:[m[K   required by substitution of â€˜[01m[Ktemplate<class _Functor, class ... _Bound_args> template<class _CallArgs, template<class _CallArgs, template<class> class __cv_quals> template<class _Functor, class ... _Bound_args> template<class> class __cv_quals> using _Res_type_cv = std::_Bind<_Functor(_Bound_args ...)>::_Res_type_impl<typename __cv_quals<typename std::enable_if<(bool)((std::tuple_size<_Tuple>::value + 1)), _Functor>::type>::type, _CallArgs, typename __cv_quals<_Bound_args>::type ...> [with _CallArgs = std::tuple<>; __cv_quals = std::add_const; _Functor = void (CppPublisher::*)(); _Bound_args = {CppPublisher*, std::nullptr_t}][m[Kâ€™
[3.477s] [01m[K/usr/include/c++/11/functional:510:9:[m[K   required from â€˜[01m[Kvoid rclcpp::GenericTimer<FunctorT, <anonymous> >::execute_callback_delegate() [with CallbackT = std::_Bind<void (CppPublisher::*(CppPublisher*, std::nullptr_t))()>; typename std::enable_if<rclcpp::function_traits::same_arguments<CallbackT, std::function<void()> >::value>::type* <anonymous> = 0; FunctorT = std::_Bind<void (CppPublisher::*(CppPublisher*, std::nullptr_t))()>; typename std::enable_if<(rclcpp::function_traits::same_arguments<FunctorT, std::function<void()> >::value || rclcpp::function_traits::same_arguments<FunctorT, std::function<void(rclcpp::TimerBase&)> >::value)>::type* <anonymous> = 0][m[Kâ€™
[3.477s] [01m[K/opt/ros/humble/include/rclcpp/rclcpp/timer.hpp:230:32:[m[K   required from â€˜[01m[Kvoid rclcpp::GenericTimer<FunctorT, <anonymous> >::execute_callback() [with FunctorT = std::_Bind<void (CppPublisher::*(CppPublisher*, std::nullptr_t))()>; typename std::enable_if<(rclcpp::function_traits::same_arguments<FunctorT, std::function<void()> >::value || rclcpp::function_traits::same_arguments<FunctorT, std::function<void(rclcpp::TimerBase&)> >::value)>::type* <anonymous> = 0][m[Kâ€™
[3.478s] [01m[K/opt/ros/humble/include/rclcpp/rclcpp/timer.hpp:227:3:[m[K   required from here
[3.478s] [01m[K/usr/include/c++/11/functional:464:15:[m[K [01;31m[Kerror: [m[Kno type named â€˜[01m[Ktype[m[Kâ€™ in â€˜[01m[Kstruct std::result_of<void (CppPublisher::* const&(CppPublisher* const&, std::nullptr_t&))()>[m[Kâ€™
[3.478s]   464 |         using [01;31m[K_Res_type_impl[m[K
[3.478s]       |               [01;31m[K^~~~~~~~~~~~~~[m[K
[3.478s] /opt/ros/humble/include/rclcpp/rclcpp/timer.hpp: In instantiation of â€˜[01m[Kvoid rclcpp::GenericTimer<FunctorT, <anonymous> >::execute_callback_delegate() [with CallbackT = std::_Bind<void (CppPublisher::*(CppPublisher*, std::nullptr_t))()>; typename std::enable_if<rclcpp::function_traits::same_arguments<CallbackT, std::function<void()> >::value>::type* <anonymous> = 0; FunctorT = std::_Bind<void (CppPublisher::*(CppPublisher*, std::nullptr_t))()>; typename std::enable_if<(rclcpp::function_traits::same_arguments<FunctorT, std::function<void()> >::value || rclcpp::function_traits::same_arguments<FunctorT, std::function<void(rclcpp::TimerBase&)> >::value)>::type* <anonymous> = 0][m[Kâ€™:
[3.478s] [01m[K/opt/ros/humble/include/rclcpp/rclcpp/timer.hpp:230:32:[m[K   required from â€˜[01m[Kvoid rclcpp::GenericTimer<FunctorT, <anonymous> >::execute_callback() [with FunctorT = std::_Bind<void (CppPublisher::*(CppPublisher*, std::nullptr_t))()>; typename std::enable_if<(rclcpp::function_traits::same_arguments<FunctorT, std::function<void()> >::value || rclcpp::function_traits::same_arguments<FunctorT, std::function<void(rclcpp::TimerBase&)> >::value)>::type* <anonymous> = 0][m[Kâ€™
[3.478s] [01m[K/opt/ros/humble/include/rclcpp/rclcpp/timer.hpp:227:3:[m[K   required from here
[3.478s] [01m[K/usr/include/c++/11/functional:531:9:[m[K [01;36m[Knote: [m[Kcandidate: â€˜[01m[Ktemplate<class ... _Args, class _Result> _Result std::_Bind<_Functor(_Bound_args ...)>::operator()(_Args&& ...) volatile [with _Args = {_Args ...}; _Result = _Result; _Functor = void (CppPublisher::*)(); _Bound_args = {CppPublisher*, std::nullptr_t}][m[Kâ€™
[3.478s]   531 |         [01;36m[Koperator[m[K()(_Args&&... __args) volatile
[3.478s]       |         [01;36m[K^~~~~~~~[m[K
[3.478s] [01m[K/usr/include/c++/11/functional:531:9:[m[K [01;36m[Knote: [m[K  template argument deduction/substitution failed:
[3.478s] /usr/include/c++/11/functional: In substitution of â€˜[01m[Ktemplate<class _Functor, class ... _Bound_args> template<class _Fn, class _CallArgs, class ... _BArgs> using _Res_type_impl = typename std::result_of<_Fn&(decltype (std::_Mu<typename std::remove_cv<_BArgs>::type, std::is_bind_expression<typename std::remove_cv<_BArgs>::type>::value, (std::is_placeholder<typename std::remove_cv<_BArgs>::type>::value > 0)>()(declval<_BArgs&>(), declval<_CallArgs&>()))&& ...)>::type [with _Fn = void (CppPublisher::* volatile)(); _CallArgs = std::tuple<>; _BArgs = {CppPublisher* volatile, std::nullptr_t}; _Functor = void (CppPublisher::*)(); _Bound_args = {CppPublisher*, std::nullptr_t}][m[Kâ€™:
[3.478s] [01m[K/usr/include/c++/11/functional:475:8:[m[K   required by substitution of â€˜[01m[Ktemplate<class _Functor, class ... _Bound_args> template<class _CallArgs, template<class _CallArgs, template<class> class __cv_quals> template<class _Functor, class ... _Bound_args> template<class> class __cv_quals> using _Res_type_cv = std::_Bind<_Functor(_Bound_args ...)>::_Res_type_impl<typename __cv_quals<typename std::enable_if<(bool)((std::tuple_size<_Tuple>::value + 1)), _Functor>::type>::type, _CallArgs, typename __cv_quals<_Bound_args>::type ...> [with _CallArgs = std::tuple<>; __cv_quals = std::add_volatile; _Functor = void (CppPublisher::*)(); _Bound_args = {CppPublisher*, std::nullptr_t}][m[Kâ€™
[3.478s] [01m[K/usr/include/c++/11/functional:528:9:[m[K   required from â€˜[01m[Kvoid rclcpp::GenericTimer<FunctorT, <anonymous> >::execute_callback_delegate() [with CallbackT = std::_Bind<void (CppPublisher::*(CppPublisher*, std::nullptr_t))()>; typename std::enable_if<rclcpp::function_traits::same_arguments<CallbackT, std::function<void()> >::value>::type* <anonymous> = 0; FunctorT = std::_Bind<void (CppPublisher::*(CppPublisher*, std::nullptr_t))()>; typename std::enable_if<(rclcpp::function_traits::same_arguments<FunctorT, std::function<void()> >::value || rclcpp::function_traits::same_arguments<FunctorT, std::function<void(rclcpp::TimerBase&)> >::value)>::type* <anonymous> = 0][m[Kâ€™
[3.478s] [01m[K/opt/ros/humble/include/rclcpp/rclcpp/timer.hpp:230:32:[m[K   required from â€˜[01m[Kvoid rclcpp::GenericTimer<FunctorT, <anonymous> >::execute_callback() [with FunctorT = std::_Bind<void (CppPublisher::*(CppPublisher*, std::nullptr_t))()>; typename std::enable_if<(rclcpp::function_traits::same_arguments<FunctorT, std::function<void()> >::value || rclcpp::function_traits::same_arguments<FunctorT, std::function<void(rclcpp::TimerBase&)> >::value)>::type* <anonymous> = 0][m[Kâ€™
[3.478s] [01m[K/opt/ros/humble/include/rclcpp/rclcpp/timer.hpp:227:3:[m[K   required from here
[3.478s] [01m[K/usr/include/c++/11/functional:464:15:[m[K [01;31m[Kerror: [m[Kno type named â€˜[01m[Ktype[m[Kâ€™ in â€˜[01m[Kstruct std::result_of<void (CppPublisher::* volatile&(CppPublisher* volatile&, std::nullptr_t&))()>[m[Kâ€™
[3.478s]   464 |         using [01;31m[K_Res_type_impl[m[K
[3.478s]       |               [01;31m[K^~~~~~~~~~~~~~[m[K
[3.478s] /opt/ros/humble/include/rclcpp/rclcpp/timer.hpp: In instantiation of â€˜[01m[Kvoid rclcpp::GenericTimer<FunctorT, <anonymous> >::execute_callback_delegate() [with CallbackT = std::_Bind<void (CppPublisher::*(CppPublisher*, std::nullptr_t))()>; typename std::enable_if<rclcpp::function_traits::same_arguments<CallbackT, std::function<void()> >::value>::type* <anonymous> = 0; FunctorT = std::_Bind<void (CppPublisher::*(CppPublisher*, std::nullptr_t))()>; typename std::enable_if<(rclcpp::function_traits::same_arguments<FunctorT, std::function<void()> >::value || rclcpp::function_traits::same_arguments<FunctorT, std::function<void(rclcpp::TimerBase&)> >::value)>::type* <anonymous> = 0][m[Kâ€™:
[3.478s] [01m[K/opt/ros/humble/include/rclcpp/rclcpp/timer.hpp:230:32:[m[K   required from â€˜[01m[Kvoid rclcpp::GenericTimer<FunctorT, <anonymous> >::execute_callback() [with FunctorT = std::_Bind<void (CppPublisher::*(CppPublisher*, std::nullptr_t))()>; typename std::enable_if<(rclcpp::function_traits::same_arguments<FunctorT, std::function<void()> >::value || rclcpp::function_traits::same_arguments<FunctorT, std::function<void(rclcpp::TimerBase&)> >::value)>::type* <anonymous> = 0][m[Kâ€™
[3.478s] [01m[K/opt/ros/humble/include/rclcpp/rclcpp/timer.hpp:227:3:[m[K   required from here
[3.478s] [01m[K/usr/include/c++/11/functional:543:9:[m[K [01;36m[Knote: [m[Kcandidate: â€˜[01m[Ktemplate<class ... _Args, class _Result> _Result std::_Bind<_Functor(_Bound_args ...)>::operator()(_Args&& ...) const volatile [with _Args = {_Args ...}; _Result = _Result; _Functor = void (CppPublisher::*)(); _Bound_args = {CppPublisher*, std::nullptr_t}][m[Kâ€™
[3.478s]   543 |         [01;36m[Koperator[m[K()(_Args&&... __args) const volatile
[3.478s]       |         [01;36m[K^~~~~~~~[m[K
[3.478s] [01m[K/usr/include/c++/11/functional:543:9:[m[K [01;36m[Knote: [m[K  template argument deduction/substitution failed:
[3.478s] /usr/include/c++/11/functional: In substitution of â€˜[01m[Ktemplate<class _Functor, class ... _Bound_args> template<class _Fn, class _CallArgs, class ... _BArgs> using _Res_type_impl = typename std::result_of<_Fn&(decltype (std::_Mu<typename std::remove_cv<_BArgs>::type, std::is_bind_expression<typename std::remove_cv<_BArgs>::type>::value, (std::is_placeholder<typename std::remove_cv<_BArgs>::type>::value > 0)>()(declval<_BArgs&>(), declval<_CallArgs&>()))&& ...)>::type [with _Fn = void (CppPublisher::* const volatile)(); _CallArgs = std::tuple<>; _BArgs = {CppPublisher* const volatile, std::nullptr_t}; _Functor = void (CppPublisher::*)(); _Bound_args = {CppPublisher*, std::nullptr_t}][m[Kâ€™:
[3.478s] [01m[K/usr/include/c++/11/functional:475:8:[m[K   required by substitution of â€˜[01m[Ktemplate<class _Functor, class ... _Bound_args> template<class _CallArgs, template<class _CallArgs, template<class> class __cv_quals> template<class _Functor, class ... _Bound_args> template<class> class __cv_quals> using _Res_type_cv = std::_Bind<_Functor(_Bound_args ...)>::_Res_type_impl<typename __cv_quals<typename std::enable_if<(bool)((std::tuple_size<_Tuple>::value + 1)), _Functor>::type>::type, _CallArgs, typename __cv_quals<_Bound_args>::type ...> [with _CallArgs = std::tuple<>; __cv_quals = std::add_cv; _Functor = void (CppPublisher::*)(); _Bound_args = {CppPublisher*, std::nullptr_t}][m[Kâ€™
[3.478s] [01m[K/usr/include/c++/11/functional:540:9:[m[K   required from â€˜[01m[Kvoid rclcpp::GenericTimer<FunctorT, <anonymous> >::execute_callback_delegate() [with CallbackT = std::_Bind<void (CppPublisher::*(CppPublisher*, std::nullptr_t))()>; typename std::enable_if<rclcpp::function_traits::same_arguments<CallbackT, std::function<void()> >::value>::type* <anonymous> = 0; FunctorT = std::_Bind<void (CppPublisher::*(CppPublisher*, std::nullptr_t))()>; typename std::enable_if<(rclcpp::function_traits::same_arguments<FunctorT, std::function<void()> >::value || rclcpp::function_traits::same_arguments<FunctorT, std::function<void(rclcpp::TimerBase&)> >::value)>::type* <anonymous> = 0][m[Kâ€™
[3.478s] [01m[K/opt/ros/humble/include/rclcpp/rclcpp/timer.hpp:230:32:[m[K   required from â€˜[01m[Kvoid rclcpp::GenericTimer<FunctorT, <anonymous> >::execute_callback() [with FunctorT = std::_Bind<void (CppPublisher::*(CppPublisher*, std::nullptr_t))()>; typename std::enable_if<(rclcpp::function_traits::same_arguments<FunctorT, std::function<void()> >::value || rclcpp::function_traits::same_arguments<FunctorT, std::function<void(rclcpp::TimerBase&)> >::value)>::type* <anonymous> = 0][m[Kâ€™
[3.478s] [01m[K/opt/ros/humble/include/rclcpp/rclcpp/timer.hpp:227:3:[m[K   required from here
[3.478s] [01m[K/usr/include/c++/11/functional:464:15:[m[K [01;31m[Kerror: [m[Kno type named â€˜[01m[Ktype[m[Kâ€™ in â€˜[01m[Kstruct std::result_of<void (CppPublisher::* const volatile&(CppPublisher* const volatile&, std::nullptr_t&))()>[m[Kâ€™
[3.478s]   464 |         using [01;31m[K_Res_type_impl[m[K
[3.478s]       |               [01;31m[K^~~~~~~~~~~~~~[m[K
[3.531s] gmake[2]: *** [CMakeFiles/talker.dir/build.make:76: CMakeFiles/talker.dir/src/publisher.cpp.o] Error 1
[3.531s] gmake[1]: *** [CMakeFiles/Makefile2:137: CMakeFiles/talker.dir/all] Error 2
[3.531s] gmake: *** [Makefile:146: all] Error 2
[3.533s] Invoked command in '/home/yutou/ros2_ws/build/base_cpp' returned '2': CMAKE_PREFIX_PATH=/home/yutou/ros2_ws/install/base:/opt/ros/humble /usr/bin/cmake --build /home/yutou/ros2_ws/build/base_cpp -- -j20 -l20
